[2016.06.10-23.40.45:379][  0]Log file open, 06/10/16 16:40:45
[2016.06.10-23.40.45:379][  0]LogInit:Display: Running engine for game: BETTERFUCKINGWORK
[2016.06.10-23.40.45:379][  0]LogPlatformFile: Not using cached read wrapper
[2016.06.10-23.40.45:379][  0]LogInit:Display: RandInit(-783884619) SRandInit(-783884617).
[2016.06.10-23.40.45:379][  0]LogTaskGraph: Started task graph with 4 named threads and 7 total threads.
[2016.06.10-23.40.45:379][  0]LogStats: Stats thread started at 0.124895
[2016.06.10-23.40.45:379][  0]LogInit: Version: 4.10.4-2872498+++depot+UE4-Releases+4.10
[2016.06.10-23.40.45:379][  0]LogInit: API Version: 2758231
[2016.06.10-23.40.45:379][  0]LogInit: Compiled (64-bit): Feb 18 2016 15:47:04
[2016.06.10-23.40.45:379][  0]LogInit: Compiled with Visual C++: 19.00.23026.00
[2016.06.10-23.40.45:379][  0]LogInit: Build Configuration: Development
[2016.06.10-23.40.45:379][  0]LogInit: Branch Name: ++depot+UE4-Releases+4.10
[2016.06.10-23.40.45:379][  0]LogInit: Command line: -EpicPortal 
[2016.06.10-23.40.45:379][  0]LogInit: Base directory: D:/Epic Games/4.10/Engine/Binaries/Win64/
[2016.06.10-23.40.45:379][  0]LogInit: Rocket: 1
[2016.06.10-23.40.45:387][  0]LogInit: Using libcurl 7.41.0
[2016.06.10-23.40.45:387][  0]LogInit:  - built for x86_64-pc-win32
[2016.06.10-23.40.45:387][  0]LogInit:  - supports SSL with WinSSL
[2016.06.10-23.40.45:387][  0]LogInit:  - other features:
[2016.06.10-23.40.45:387][  0]LogInit:      CURL_VERSION_SSL
[2016.06.10-23.40.45:387][  0]LogInit:      CURL_VERSION_IPV6
[2016.06.10-23.40.45:387][  0]LogInit:      CURL_VERSION_ASYNCHDNS
[2016.06.10-23.40.45:387][  0]LogInit:      CURL_VERSION_LARGEFILE
[2016.06.10-23.40.45:387][  0]LogInit:      CURL_VERSION_IDN
[2016.06.10-23.40.45:387][  0]LogInit:  CurlRequestOptions (configurable via config and command line):
[2016.06.10-23.40.45:387][  0]LogInit:  - bVerifyPeer = true  - Libcurl will verify peer certificate
[2016.06.10-23.40.45:387][  0]LogInit:  - bUseHttpProxy = false  - Libcurl will NOT use HTTP proxy
[2016.06.10-23.40.45:387][  0]LogInit:  - bDontReuseConnections = false  - Libcurl will reuse connections
[2016.06.10-23.40.45:387][  0]LogInit:  - CertBundlePath = nullptr  - Libcurl will use whatever was configured at build time.
[2016.06.10-23.40.45:393][  0]LogInit: Presizing for 0 objects not considered by GC, pre-allocating 0 bytes.
[2016.06.10-23.40.45:401][  0]LogInit: Object subsystem initialized
[2016.06.10-23.40.45:402][  0]LogInit: Selected Device Profile: [Windows]
[2016.06.10-23.40.45:402][  0]LogInit: Applying CVar settings loaded from the selected device profile: [Windows]
[2016.06.10-23.40.45:413][  0]LogInit: Computer: VN7-591G-70RQ
[2016.06.10-23.40.45:413][  0]LogInit: User: Tim
[2016.06.10-23.40.45:413][  0]LogInit: CPU Page size=4096, Cores=4
[2016.06.10-23.40.45:413][  0]LogInit: High frequency timer resolution =2.533205 MHz
[2016.06.10-23.40.45:413][  0]LogMemory: Memory total: Physical=15.9GB (16GB approx)
[2016.06.10-23.40.45:413][  0]LogMemory: Platform Memory Stats for Windows
[2016.06.10-23.40.45:413][  0]LogMemory: Process Physical Memory: 55.80 MB used, 55.80 MB peak
[2016.06.10-23.40.45:413][  0]LogMemory: Process Virtual Memory: 58.66 MB used, 58.66 MB peak
[2016.06.10-23.40.45:413][  0]LogMemory: Physical Memory: 4600.95 MB used, 16307.27 MB total
[2016.06.10-23.40.45:413][  0]LogMemory: Virtual Memory: 385.52 MB used, 134217728.00 MB total
[2016.06.10-23.40.45:483][  0]LogTextLocalizationManager: No specific translations for ('en-US') exist, so ('en') translations will be used.
[2016.06.10-23.40.46:962][  0]LogD3D11RHI: Found D3D11 adapter 0: NVIDIA GeForce GTX 960M (Feature Level 11_0)
[2016.06.10-23.40.46:962][  0]LogD3D11RHI: Adapter has 4036MB of dedicated video memory, 0MB of dedicated system memory, and 8153MB of shared system memory, 1 output[s]
[2016.06.10-23.40.46:983][  0]LogD3D11RHI: Found D3D11 adapter 1: Intel(R) HD Graphics 4600 (Feature Level 11_0)
[2016.06.10-23.40.46:983][  0]LogD3D11RHI: Adapter has 112MB of dedicated video memory, 0MB of dedicated system memory, and 8153MB of shared system memory, 0 output[s]
[2016.06.10-23.40.46:985][  0]LogD3D11RHI: Found D3D11 adapter 2: Microsoft Basic Render Driver (Feature Level 11_0)
[2016.06.10-23.40.46:985][  0]LogD3D11RHI: Adapter has 0MB of dedicated video memory, 0MB of dedicated system memory, and 8153MB of shared system memory, 0 output[s]
[2016.06.10-23.40.46:985][  0]LogD3D11RHI: Chosen D3D11 Adapter Id = 0
[2016.06.10-23.40.46:990][  0]LogD3D11RHI: !Direct3DDevice
[2016.06.10-23.40.46:990][  0]LogRHI: Texture pool is 1361 MB (70% of 1945 MB)
[2016.06.10-23.40.47:838][  0]LogD3D11RHI: Async texture creation enabled
[2016.06.10-23.40.47:881][  0]LogShaderCompilers: Guid format shader working directory is -12 characters bigger than the processId version (C:/Users/Tim/Documents/Unreal Projects/BETTERFUCKINGWORK/Intermediate/Shaders/WorkingDirectory/4112/).
[2016.06.10-23.40.47:881][  0]LogShaderCompilers: Cleaned the shader compiler working directory 'C:/Users/Tim/AppData/Local/Temp/UnrealShaderWorkingDir/31D6D3B547A0D5A48A5827975E39F01B/'.
[2016.06.10-23.40.47:881][  0]LogShaderCompilers:Display: Using Local Shader Compiler.
[2016.06.10-23.40.49:097][  0]LogTemp:Display: Loaded TP AllDesktopTargetPlatform
[2016.06.10-23.40.49:101][  0]LogTemp:Display: Loaded TP WindowsClientTargetPlatform
[2016.06.10-23.40.49:104][  0]LogTemp:Display: Loaded TP WindowsNoEditorTargetPlatform
[2016.06.10-23.40.49:107][  0]LogTemp:Display: Loaded TP WindowsServerTargetPlatform
[2016.06.10-23.40.49:111][  0]LogTemp:Display: Loaded TP WindowsTargetPlatform
[2016.06.10-23.40.49:118][  0]LogTemp:Display: Loaded TP AndroidTargetPlatform
[2016.06.10-23.40.49:128][  0]LogTemp:Display: Loaded TP Android_ASTCTargetPlatform
[2016.06.10-23.40.49:131][  0]LogTemp:Display: Loaded TP Android_ATCTargetPlatform
[2016.06.10-23.40.49:134][  0]LogTemp:Display: Loaded TP Android_DXTTargetPlatform
[2016.06.10-23.40.49:137][  0]LogTemp:Display: Loaded TP Android_ETC1TargetPlatform
[2016.06.10-23.40.49:141][  0]LogTemp:Display: Loaded TP Android_ETC2TargetPlatform
[2016.06.10-23.40.49:149][  0]LogTemp:Display: Loaded TP Android_MultiTargetPlatform
[2016.06.10-23.40.49:149][  0]LogTemp:Display: Loaded TP Android_PVRTCTargetPlatform
[2016.06.10-23.40.49:151][  0]LogTemp:Display: Loaded TP HTML5TargetPlatform
[2016.06.10-23.40.49:175][  0]LogTemp:Display: Loaded TP IOSTargetPlatform
[2016.06.10-23.40.49:180][  0]LogTemp:Display: Loaded TP LinuxNoEditorTargetPlatform
[2016.06.10-23.40.49:192][  0]LogTemp:Display: Loaded TP LinuxServerTargetPlatform
[2016.06.10-23.40.49:198][  0]LogTemp:Display: Loaded TP LinuxTargetPlatform
[2016.06.10-23.40.49:198][  0]LogTargetPlatformManager:Display: Building Assets For Windows
[2016.06.10-23.40.49:274][  0]LogDerivedDataCache:Display: Max Cache Size: 512 MB
[2016.06.10-23.40.49:341][  0]LogDerivedDataCache: Loaded boot cache 0.07s 41MB C:/Users/Tim/AppData/Local/UnrealEngine/4.10/DerivedDataCache/Boot.ddc.
[2016.06.10-23.40.49:341][  0]LogDerivedDataCache:Display: Loaded Boot cache: C:/Users/Tim/AppData/Local/UnrealEngine/4.10/DerivedDataCache/Boot.ddc
[2016.06.10-23.40.49:341][  0]LogDerivedDataCache: FDerivedDataBackendGraph:  Pak pak cache file C:/Users/Tim/Documents/Unreal Projects/BETTERFUCKINGWORK/DerivedDataCache/DDC.ddp not found, will not use a pak cache.
[2016.06.10-23.40.49:341][  0]LogDerivedDataCache: Unable to find inner node Pak for hierarchical cache Hierarchy.
[2016.06.10-23.40.49:341][  0]LogDerivedDataCache: FDerivedDataBackendGraph:  CompressedPak pak cache file C:/Users/Tim/Documents/Unreal Projects/BETTERFUCKINGWORK/DerivedDataCache/Compressed.ddp not found, will not use a pak cache.
[2016.06.10-23.40.49:341][  0]LogDerivedDataCache: Unable to find inner node CompressedPak for hierarchical cache Hierarchy.
[2016.06.10-23.40.49:442][  0]LogDerivedDataCache:Display: Pak cache opened for reading ../../../Engine/DerivedDataCache/Compressed.ddp.
[2016.06.10-23.40.49:454][  0]LogDerivedDataCache: Using Local data cache path C:/Users/Tim/AppData/Local/UnrealEngine/Common/DerivedDataCache: Writable
[2016.06.10-23.40.49:769][  0]LogInit: Selected Device Profile: [Windows]
[2016.06.10-23.40.49:772][  0]LogContentStreaming: Texture pool size is 0.000000MB
[2016.06.10-23.40.50:014][  0]LogMeshUtilities: No automatic mesh reduction module available
[2016.06.10-23.40.50:014][  0]LogMeshUtilities: No automatic mesh merging module available
[2016.06.10-23.40.50:497][  0]LogInit: WinSock: version 1.1 (2.2), MaxSocks=32767, MaxUdp=65467
[2016.06.10-23.40.51:530][  0]UdpMessaging: Initializing bridge on interface 0.0.0.0:0 to multicast group 230.0.0.1:6666.
[2016.06.10-23.40.51:629][  0]LogAssetRegistry: FAssetRegistry took 0.0108 seconds to start up
[2016.06.10-23.40.51:820][  0]SourceControl: Info Source control is disabled
[2016.06.10-23.40.51:904][  0]SourceControl: Info Source control is disabled
[2016.06.10-23.40.51:915][  0]SourceControl: Info Source control is disabled
[2016.06.10-23.40.51:923][  0]SourceControl: Info Source control is disabled
[2016.06.10-23.40.52:153][  0]LogObj: 28633 objects as part of root set at end of initial load.
[2016.06.10-23.40.52:153][  0]LogUObjectAllocator: 6099744 out of 0 bytes used by permanent object pool.
[2016.06.10-23.40.52:237][  0]LogEngine: Initializing Engine...
[2016.06.10-23.40.52:240][  0]LogHMD: Can't find Oculus library dev build: is proper Runtime installed? Version: 0.8.0.0
[2016.06.10-23.40.52:241][  0]LogHMD: SteamVR failed to initialize.  Err: 110
[2016.06.10-23.40.52:370][  0]LogAIModule: Creating AISystem for world NewWorld
[2016.06.10-23.40.52:381][  0]LogInit: XAudio2 using 'Speakers (Razer Surround Audio Controller)' : 8 channels at 48 kHz using 16 bits per sample (channel mask 0x63f)
[2016.06.10-23.40.52:401][  0]LogInit: FAudioDevice initialized.
[2016.06.10-23.40.52:447][  0]LogDerivedDataCache: Saved boot cache 0.05s 41MB C:/Users/Tim/AppData/Local/UnrealEngine/4.10/DerivedDataCache/Boot.ddc.
[2016.06.10-23.40.52:453][  0]LogInit: Texture streaming: Enabled
[2016.06.10-23.40.52:460][  0]LogAnalytics: Creating configured Analytics provider AnalyticsET
[2016.06.10-23.40.52:460][  0]LogAnalytics: [UEEditor.Rocket.Release] APIServer = http://et2.epicgames.com/ET2/. AppVersion = 4.10.4-2872498+++depot+UE4-Releases+4.10
[2016.06.10-23.40.52:460][  0]LogAnalytics: [UEEditor.Rocket.Release] SetUserId e4ec247d4be96bf0ff42169009a94d78|446e1966ea66434a88bf3336c947f33c|92b6b660-2645-4ae3-82d0-910ce8e6ac29
[2016.06.10-23.40.52:460][  0]LogAnalytics: [UEEditor.Rocket.Release] AnalyticsET::StartSession
[2016.06.10-23.40.52:471][  0]LogInit: Transaction tracking system initialized
[2016.06.10-23.40.52:493][  0]BlueprintLog: New page: Editor Load
[2016.06.10-23.40.52:542][  0]LocalizationService: Info Localization service is disabled
[2016.06.10-23.40.52:608][  0]LogConsoleResponse:Display: 
[2016.06.10-23.40.52:870][  0]LogFileCache: Scanning file cache for directory 'C:/Users/Tim/Documents/Unreal Projects/BETTERFUCKINGWORK/Content/' took 0.02s
[2016.06.10-23.40.52:870][  0]LogCook:Display: Done creating registry. It took  0.00s.
[2016.06.10-23.40.52:953][  0]SourceControl: Info Source control is disabled
[2016.06.10-23.40.52:953][  0]Cmd: MAP LOAD FILE="C:/Users/Tim/Documents/Unreal Projects/BETTERFUCKINGWORK/Content/TopDownBP/Maps/TopDownExampleMap.umap" TEMPLATE=0 SHOWPROGRESS=1 FEATURELEVEL=3
[2016.06.10-23.40.52:956][  0]LightingResults: New page: Lighting Build
[2016.06.10-23.40.52:958][  0]MapCheck: New page: Map Check
[2016.06.10-23.40.52:958][  0]LightingResults: New page: Lighting Build
[2016.06.10-23.40.52:973][  0]LogParticles: Destroying 0 GPU particle simulations for FXSystem 0x000001CF451F76A0
[2016.06.10-23.40.55:153][  0]LogAIModule: Creating AISystem for world TopDownExampleMap
[2016.06.10-23.40.55:297][  0]LogEditorServer: Finished looking for orphan Actors (0.000 secs)
[2016.06.10-23.40.55:340][  0]Cmd: MAP CHECKDEP NOCLEARLOG
[2016.06.10-23.40.55:527][  0]MapCheck: Info Map check complete: 0 Error(s), 0 Warning(s), took 186.954ms to complete.
[2016.06.10-23.40.55:527][  0]LogFileHelpers: Loading map 'TopDownExampleMap' took 2.574
[2016.06.10-23.40.56:006][  0]LogCollectionManager: Loaded 0 collections in 0.001939 seconds
[2016.06.10-23.40.56:109][  0]LogFileCache: Scanning file cache for directory 'C:/Users/Tim/Documents/Unreal Projects/BETTERFUCKINGWORK/Saved/Collections/' took 0.01s
[2016.06.10-23.40.56:109][  0]LogFileCache: Scanning file cache for directory 'C:/Users/Tim/Documents/Unreal Projects/BETTERFUCKINGWORK/Content/Developers/Tim/Collections/' took 0.01s
[2016.06.10-23.40.56:109][  0]LogFileCache: Scanning file cache for directory 'C:/Users/Tim/Documents/Unreal Projects/BETTERFUCKINGWORK/Content/Collections/' took 0.01s
[2016.06.10-23.40.56:109][  0]LogCollectionManager: Rebuilt the GUID cache for 0 collections in 0.000004 seconds
[2016.06.10-23.40.56:131][  0]LogContentBrowser: Native class hierarchy populated in 0.0147 seconds. Added 1893 classes and 338 folders.
[2016.06.10-23.40.56:160][  0]LogContentBrowser: Native class hierarchy updated for 'WidgetCarousel' in 0.0007 seconds. Added 0 classes and 0 folders.
[2016.06.10-23.40.57:125][  0]LogContentBrowser: Native class hierarchy updated for 'AddContentDialog' in 0.0019 seconds. Added 0 classes and 0 folders.
[2016.06.10-23.40.57:214][  0]LogContentBrowser: Native class hierarchy updated for 'SceneOutliner' in 0.0008 seconds. Added 1 classes and 2 folders.
[2016.06.10-23.40.58:233][  0]LogCrashTracker: Crashtracker disabled due to settings.
[2016.06.10-23.40.58:273][  0]LogUObjectGlobals:Warning: Failed to find object 'Class None.'
[2016.06.10-23.40.58:295][  0]LogLoad: Full Startup: 13.59 seconds (BP compile: 0.37 seconds)
[2016.06.10-23.40.58:316][  0]LogOcInput: Can't find Oculus library dev build: is proper Runtime installed? Version: 0.8.0.0
[2016.06.10-23.40.58:482][  0]LogContentStreaming: Texture pool size now 1000 MB
[2016.06.10-23.40.58:871][  0]LogRenderer: Reallocating scene render targets to support 764x432 (Frame:2).
[2016.06.10-23.40.59:958][  6]LogAssetRegistry: Asset discovery search completed in 8.3397 seconds
[2016.06.10-23.40.59:958][  6]LogCollectionManager: Rebuilt the object cache for 0 collections in 0.000001 seconds (found 0 objects)
[2016.06.10-23.40.59:958][  6]LogCollectionManager: Fixed up redirectors for 0 collections in 0.000059 seconds (updated 0 objects)
[2016.06.10-23.41.12:169][341]LogLinker:Warning: Asset '../../../Engine/Content/ArtTools/RenderToTexture/Macros/RenderToTextureMacros.uasset' has been saved with empty engine version. The asset will be loaded but may be incompatible.
[2016.06.10-23.41.13:355][341]LogContentBrowser: Native class hierarchy updated for 'BlueprintGraph' in 0.0025 seconds. Added 107 classes and 0 folders.
[2016.06.10-23.51.02:480][473]LogActorComponent: UnregisterComponent: (/Engine/Transient.CharMoveComp) Not registered. Aborting.
[2016.06.10-23.51.02:500][473]LogActorComponent: UnregisterComponent: (/Engine/Transient.CharacterMovementComponent_0) Not registered. Aborting.
[2016.06.10-23.51.02:625][473]LogFileHelpers: Editor autosave (incl. sublevels) for '/Game/TopDownBP/Maps/TopDownExampleMap' took 0.161
[2016.06.10-23.51.02:635][473]OBJ SavePackage: Generating thumbnails for [1] asset(s) in package [/Game/AI/HumanAI/HumanAI] ([1] browsable assets)...
[2016.06.10-23.51.02:724][473]OBJ SavePackage:     Rendered thumbnail for [Blueprint /Game/AI/HumanAI/HumanAI.HumanAI]
[2016.06.10-23.51.02:724][473]OBJ SavePackage: Finished generating thumbnails for package [/Game/AI/HumanAI/HumanAI]
[2016.06.10-23.51.02:724][473]Cmd: OBJ SAVEPACKAGE PACKAGE="/Game/AI/HumanAI/HumanAI" FILE="C:/Users/Tim/Documents/Unreal Projects/BETTERFUCKINGWORK/Saved/Autosaves/Game/AI/HumanAI/HumanAI_Auto1.uasset" SILENT=false AUTOSAVING=true
[2016.06.10-23.51.03:140][473]LogSavePackage: Save=286.061737ms
[2016.06.10-23.51.03:140][473]LogSavePackage: Moving 'C:/Users/Tim/Documents/Unreal Projects/BETTERFUCKINGWORK/Saved/HumanAI_Auto114A5AEBC4B85CA350957199FCD8945F6.tmp' to 'C:/Users/Tim/Documents/Unreal Projects/BETTERFUCKINGWORK/Saved/Autosaves/Game/AI/HumanAI/HumanAI_Auto1.uasset'
[2016.06.10-23.51.03:143][473]LogSavePackage: Total save time: 416.815460ms
[2016.06.10-23.51.03:143][473]LogSavePackage:Display: Finished SavePackage C:/Users/Tim/Documents/Unreal Projects/BETTERFUCKINGWORK/Saved/Autosaves/Game/AI/HumanAI/HumanAI_Auto1.uasset
[2016.06.10-23.51.03:160][473]OBJ SavePackage: Generating thumbnails for [0] asset(s) in package [/Game/AI/HumanAI/BTT_PutOutFire] ([1] browsable assets)...
[2016.06.10-23.51.03:160][473]OBJ SavePackage: Finished generating thumbnails for package [/Game/AI/HumanAI/BTT_PutOutFire]
[2016.06.10-23.51.03:259][473]LogSavePackage: Save=42.618343ms
[2016.06.10-23.51.03:259][473]LogSavePackage: Moving 'C:/Users/Tim/Documents/Unreal Projects/BETTERFUCKINGWORK/Saved/BTT_PutOutFire_Auto18789267046F32EDCEACF819E8094A452.tmp' to 'C:/Users/Tim/Documents/Unreal Projects/BETTERFUCKINGWORK/Saved/Autosaves/Game/AI/HumanAI/BTT_PutOutFire_Auto1.uasset'
[2016.06.10-23.51.03:263][473]LogSavePackage: Total save time: 95.695376ms
[2016.06.10-23.51.03:263][473]LogSavePackage:Display: Finished SavePackage C:/Users/Tim/Documents/Unreal Projects/BETTERFUCKINGWORK/Saved/Autosaves/Game/AI/HumanAI/BTT_PutOutFire_Auto1.uasset
[2016.06.10-23.51.03:263][473]LogFileHelpers: Auto-saving content packages took 0.638
[2016.06.10-23.56.19:085][204]LogActorComponent: UnregisterComponent: (/Engine/Transient.CharMoveComp) Not registered. Aborting.
[2016.06.10-23.56.25:018][205]Cmd: QUIT_EDITOR
[2016.06.10-23.56.25:218][205]LogWindowsTextInputMethodSystem:Display: IME system now deactivated.
[2016.06.10-23.56.25:383][205]LogExit: Preparing to exit.
[2016.06.10-23.56.26:476][205]LogExit: Editor shut down
[2016.06.10-23.56.26:477][205]LogExit: Transaction tracking system shut down
[2016.06.10-23.56.26:481][205]LogParticles: Destroying 0 GPU particle simulations for FXSystem 0x000001CF48C15760
[2016.06.10-23.56.26:482][205]LogParticles: Destroying 0 GPU particle simulations for FXSystem 0x000001CF50FDB880
[2016.06.10-23.56.26:482][205]LogParticles: Destroying 0 GPU particle simulations for FXSystem 0x000001CF35A49800
[2016.06.10-23.56.26:483][205]LogParticles: Destroying 0 GPU particle simulations for FXSystem 0x000001CF6A211B20
[2016.06.10-23.56.26:492][205]LogParticles: Destroying 0 GPU particle simulations for FXSystem 0x000001CF739AD760
[2016.06.10-23.56.26:805][205]LogExit: Object subsystem successfully closed.
[2016.06.10-23.56.26:827][205]LogD3D11RHI: Shutdown
[2016.06.10-23.56.26:827][205]LogD3D11RHI: CleanupD3DDevice
[2016.06.10-23.56.27:042][205]LogD3D11RHI: ~FD3D11DynamicRHI
[2016.06.10-23.56.27:089][205]LogModuleManager: Shutting down and abandoning module CookingStats (200)
[2016.06.10-23.56.27:089][205]LogModuleManager: Shutting down and abandoning module BlueprintGraph (199)
[2016.06.10-23.56.27:089][205]LogModuleManager: Shutting down and abandoning module CrashTracker (198)
[2016.06.10-23.56.27:089][205]LogModuleManager: Shutting down and abandoning module SceneOutliner (197)
[2016.06.10-23.56.27:089][205]LogModuleManager: Shutting down and abandoning module SuperSearch (196)
[2016.06.10-23.56.27:089][205]LogModuleManager: Shutting down and abandoning module WidgetCarousel (195)
[2016.06.10-23.56.27:089][205]LogModuleManager: Shutting down and abandoning module AddContentDialog (194)
[2016.06.10-23.56.27:091][205]LogModuleManager: Shutting down and abandoning module EditorWidgets (193)
[2016.06.10-23.56.27:091][205]LogModuleManager: Shutting down and abandoning module CollectionManager (192)
[2016.06.10-23.56.27:091][205]LogModuleManager: Shutting down and abandoning module StatsViewer (191)
[2016.06.10-23.56.27:091][205]LogModuleManager: Shutting down and abandoning module FoliageEdit (190)
[2016.06.10-23.56.27:091][205]LogModuleManager: Shutting down and abandoning module LandscapeEditor (189)
[2016.06.10-23.56.27:092][205]LogModuleManager: Shutting down and abandoning module ActorPickerMode (188)
[2016.06.10-23.56.27:092][205]LogModuleManager: Shutting down and abandoning module GeometryMode (187)
[2016.06.10-23.56.27:092][205]LogModuleManager: Shutting down and abandoning module TextureAlignMode (186)
[2016.06.10-23.56.27:092][205]LogModuleManager: Shutting down and abandoning module BspMode (185)
[2016.06.10-23.56.27:092][205]LogModuleManager: Shutting down and abandoning module PlacementMode (184)
[2016.06.10-23.56.27:092][205]LogModuleManager: Shutting down and abandoning module AutomationWorker (183)
[2016.06.10-23.56.27:092][205]LogModuleManager: Shutting down and abandoning module CharacterAI (182)
[2016.06.10-23.56.27:092][205]LogModuleManager: Shutting down and abandoning module SmartSnapping (181)
[2016.06.10-23.56.27:092][205]LogModuleManager: Shutting down and abandoning module ViewportSnapping (180)
[2016.06.10-23.56.27:092][205]LogModuleManager: Shutting down and abandoning module LogVisualizer (179)
[2016.06.10-23.56.27:093][205]LogModuleManager: Shutting down and abandoning module GameProjectGeneration (178)
[2016.06.10-23.56.27:093][205]LogModuleManager: Shutting down and abandoning module IntroTutorials (177)
[2016.06.10-23.56.27:093][205]LogModuleManager: Shutting down and abandoning module EditorLiveStreaming (176)
[2016.06.10-23.56.27:093][205]LogModuleManager: Shutting down and abandoning module IOSPlatformEditor (175)
[2016.06.10-23.56.27:093][205]LogModuleManager: Shutting down and abandoning module HTML5PlatformEditor (174)
[2016.06.10-23.56.27:093][205]LogModuleManager: Shutting down and abandoning module AndroidDeviceDetection (173)
[2016.06.10-23.56.27:848][205]LogModuleManager: Shutting down and abandoning module AndroidPlatformEditor (172)
[2016.06.10-23.56.27:848][205]LogModuleManager: Shutting down and abandoning module IOSRuntimeSettings (171)
[2016.06.10-23.56.27:848][205]LogModuleManager: Shutting down and abandoning module AndroidRuntimeSettings (170)
[2016.06.10-23.56.27:848][205]LogModuleManager: Shutting down and abandoning module MergeActors (169)
[2016.06.10-23.56.27:848][205]LogModuleManager: Shutting down and abandoning module SizeMap (168)
[2016.06.10-23.56.27:848][205]LogModuleManager: Shutting down and abandoning module TreeMap (167)
[2016.06.10-23.56.27:848][205]LogModuleManager: Shutting down and abandoning module ReferenceViewer (166)
[2016.06.10-23.56.27:848][205]LogModuleManager: Shutting down and abandoning module LocalizationService (165)
[2016.06.10-23.56.27:848][205]LogModuleManager: Shutting down and abandoning module LocalizationDashboard (164)
[2016.06.10-23.56.27:848][205]LogModuleManager: Shutting down and abandoning module HardwareTargeting (163)
[2016.06.10-23.56.27:848][205]LogModuleManager: Shutting down and abandoning module DeviceProfileEditor (162)
[2016.06.10-23.56.27:848][205]LogModuleManager: Shutting down and abandoning module UndoHistory (161)
[2016.06.10-23.56.27:848][205]LogModuleManager: Shutting down and abandoning module GameplayTagsEditor (160)
[2016.06.10-23.56.27:848][205]LogModuleManager: Shutting down and abandoning module UserFeedback (159)
[2016.06.10-23.56.27:848][205]LogModuleManager: Shutting down and abandoning module XmlParser (158)
[2016.06.10-23.56.27:848][205]LogModuleManager: Shutting down and abandoning module Blutility (157)
[2016.06.10-23.56.27:848][205]LogModuleManager: Shutting down and abandoning module ProjectTargetPlatformEditor (156)
[2016.06.10-23.56.27:848][205]LogModuleManager: Shutting down and abandoning module ProjectSettingsViewer (155)
[2016.06.10-23.56.27:849][205]LogModuleManager: Shutting down and abandoning module InputBindingEditor (154)
[2016.06.10-23.56.27:849][205]LogModuleManager: Shutting down and abandoning module EditorSettingsViewer (153)
[2016.06.10-23.56.27:849][205]LogModuleManager: Shutting down and abandoning module SettingsEditor (152)
[2016.06.10-23.56.27:849][205]LogModuleManager: Shutting down and abandoning module ProjectLauncher (151)
[2016.06.10-23.56.27:849][205]LogModuleManager: Shutting down and abandoning module SessionFrontend (150)
[2016.06.10-23.56.27:849][205]LogModuleManager: Shutting down and abandoning module ProfilerClient (149)
[2016.06.10-23.56.27:849][205]LogModuleManager: Shutting down and abandoning module TargetDeviceServices (148)
[2016.06.10-23.56.27:849][205]LogModuleManager: Shutting down and abandoning module DeviceManager (147)
[2016.06.10-23.56.27:849][205]LogModuleManager: Shutting down and abandoning module AutomationController (146)
[2016.06.10-23.56.27:849][205]LogModuleManager: Shutting down and abandoning module AutomationWindow (145)
[2016.06.10-23.56.27:849][205]LogModuleManager: Shutting down and abandoning module Layers (144)
[2016.06.10-23.56.27:850][205]LogModuleManager: Shutting down and abandoning module ComponentVisualizers (143)
[2016.06.10-23.56.27:850][205]LogModuleManager: Shutting down and abandoning module DetailCustomizations (142)
[2016.06.10-23.56.27:850][205]LogModuleManager: Shutting down and abandoning module PackagesDialog (141)
[2016.06.10-23.56.27:850][205]LogModuleManager: Shutting down and abandoning module Persona (140)
[2016.06.10-23.56.27:850][205]LogModuleManager: Shutting down and abandoning module Kismet (139)
[2016.06.10-23.56.27:850][205]LogModuleManager: Shutting down and abandoning module GraphEditor (138)
[2016.06.10-23.56.27:850][205]LogModuleManager: Shutting down and abandoning module ClassViewer (137)
[2016.06.10-23.56.27:850][205]LogModuleManager: Shutting down and abandoning module Toolbox (136)
[2016.06.10-23.56.27:850][205]LogModuleManager: Shutting down and abandoning module ModuleUI (135)
[2016.06.10-23.56.27:850][205]LogModuleManager: Shutting down and abandoning module MovieSceneTools (134)
[2016.06.10-23.56.27:850][205]LogModuleManager: Shutting down and abandoning module OutputLog (133)
[2016.06.10-23.56.27:850][205]LogModuleManager: Shutting down and abandoning module GammaUI (132)
[2016.06.10-23.56.27:850][205]LogModuleManager: Shutting down and abandoning module Documentation (131)
[2016.06.10-23.56.27:850][205]LogModuleManager: Shutting down and abandoning module GameLiveStreaming (130)
[2016.06.10-23.56.27:850][205]LogModuleManager: Shutting down and abandoning module StreamingPauseRendering (129)
[2016.06.10-23.56.27:850][205]LogModuleManager: Shutting down and abandoning module AnalyticsET (128)
[2016.06.10-23.56.27:850][205]LogModuleManager: Shutting down and abandoning module Analytics (127)
[2016.06.10-23.56.27:850][205]LogModuleManager: Shutting down and abandoning module AITestSuite (126)
[2016.06.10-23.56.27:850][205]LogModuleManager: Shutting down and abandoning module GameplayDebugger (125)
[2016.06.10-23.56.27:850][205]LogModuleManager: Shutting down and abandoning module AIModule (124)
[2016.06.10-23.56.27:850][205]LogModuleManager: Shutting down and abandoning module ProfilerService (123)
[2016.06.10-23.56.28:048][205]LogModuleManager: Shutting down and abandoning module TaskGraph (122)
[2016.06.10-23.56.28:049][205]LogModuleManager: Shutting down and abandoning module SlateRemote (121)
[2016.06.10-23.56.28:049][205]LogModuleManager: Shutting down and abandoning module SteamVRController (120)
[2016.06.10-23.56.28:049][205]LogModuleManager: Shutting down and abandoning module SteamVR (119)
[2016.06.10-23.56.28:049][205]LogModuleManager: Shutting down and abandoning module ProceduralMeshComponent (118)
[2016.06.10-23.56.28:049][205]LogModuleManager: Shutting down and abandoning module OculusLibrary (117)
[2016.06.10-23.56.28:049][205]LogModuleManager: Shutting down and abandoning module OculusInput (116)
[2016.06.10-23.56.28:049][205]LogModuleManager: Shutting down and abandoning module LeapMotionController (115)
[2016.06.10-23.56.28:083][205]LogModuleManager: Shutting down and abandoning module CustomMeshComponent (114)
[2016.06.10-23.56.28:083][205]LogModuleManager: Shutting down and abandoning module CableComponent (113)
[2016.06.10-23.56.28:083][205]LogModuleManager: Shutting down and abandoning module ArchVisCharacter (112)
[2016.06.10-23.56.28:083][205]LogModuleManager: Shutting down and abandoning module MessagingDebugger (111)
[2016.06.10-23.56.28:083][205]LogModuleManager: Shutting down and abandoning module MediaPlayerEditor (110)
[2016.06.10-23.56.28:083][205]LogModuleManager: Shutting down and abandoning module HTML5Networking (109)
[2016.06.10-23.56.28:083][205]LogModuleManager: Shutting down and abandoning module SpeedTreeImporter (108)
[2016.06.10-23.56.28:083][205]LogModuleManager: Shutting down and abandoning module PluginBrowser (107)
[2016.06.10-23.56.28:083][205]LogModuleManager: Shutting down and abandoning module EpicSurvey (106)
[2016.06.10-23.56.28:083][205]LogModuleManager: Shutting down and abandoning module DesktopPlatform (105)
[2016.06.10-23.56.28:083][205]LogModuleManager: Shutting down and abandoning module VisualStudioSourceCodeAccess (104)
[2016.06.10-23.56.28:083][205]LogModuleManager: Shutting down and abandoning module UObjectPlugin (103)
[2016.06.10-23.56.28:083][205]LogModuleManager: Shutting down and abandoning module SubversionSourceControl (102)
[2016.06.10-23.56.28:083][205]LogModuleManager: Shutting down and abandoning module PerforceSourceControl (101)
[2016.06.10-23.56.28:084][205]LogModuleManager: Shutting down and abandoning module SourceControl (100)
[2016.06.10-23.56.28:084][205]LogModuleManager: Shutting down and abandoning module GitSourceControl (99)
[2016.06.10-23.56.28:084][205]LogModuleManager: Shutting down and abandoning module LightPropagationVolumeEditor (98)
[2016.06.10-23.56.28:084][205]LogModuleManager: Shutting down and abandoning module PaperTiledImporter (97)
[2016.06.10-23.56.28:084][205]LogModuleManager: Shutting down and abandoning module PaperSpriteSheetImporter (96)
[2016.06.10-23.56.28:084][205]LogModuleManager: Shutting down and abandoning module MeshPaint (95)
[2016.06.10-23.56.28:084][205]LogModuleManager: Shutting down and abandoning module SlateReflector (94)
[2016.06.10-23.56.28:084][205]LogModuleManager: Shutting down and abandoning module HotReload (93)
[2016.06.10-23.56.28:084][205]LogModuleManager: Shutting down and abandoning module MainFrame (92)
[2016.06.10-23.56.28:084][205]LogModuleManager: Shutting down and abandoning module LevelEditor (91)
[2016.06.10-23.56.28:086][205]LogModuleManager: Shutting down and abandoning module DirectoryWatcher (90)
[2016.06.10-23.56.28:087][205]LogModuleManager: Shutting down and abandoning module AssetRegistry (89)
[2016.06.10-23.56.28:222][205]LogModuleManager: Shutting down and abandoning module ContentBrowser (88)
[2016.06.10-23.56.28:223][205]LogModuleManager: Shutting down and abandoning module Paper2DEditor (87)
[2016.06.10-23.56.28:223][205]LogModuleManager: Shutting down and abandoning module UdpMessaging (86)
[2016.06.10-23.56.28:324][205]LogModuleManager: Shutting down and abandoning module LightPropagationVolumeRuntime (85)
[2016.06.10-23.56.28:324][205]LogModuleManager: Shutting down and abandoning module Paper2D (84)
[2016.06.10-23.56.28:324][205]LogModuleManager: Shutting down and abandoning module WindowsMoviePlayer (83)
[2016.06.10-23.56.28:332][205]LogModuleManager: Shutting down and abandoning module Media (82)
[2016.06.10-23.56.28:333][205]LogModuleManager: Shutting down and abandoning module WmfMedia (81)
[2016.06.10-23.56.28:333][205]LogModuleManager: Shutting down and abandoning module OnlineBlueprintSupport (80)
[2016.06.10-23.56.28:333][205]LogModuleManager: Shutting down and abandoning module GameplayTasksEditor (79)
[2016.06.10-23.56.28:333][205]LogModuleManager: Shutting down and abandoning module PropertyEditor (78)
[2016.06.10-23.56.28:333][205]LogModuleManager: Shutting down and abandoning module BehaviorTreeEditor (77)
[2016.06.10-23.56.28:333][205]LogModuleManager: Shutting down and abandoning module FunctionalTesting (76)
[2016.06.10-23.56.28:333][205]LogModuleManager: Shutting down and abandoning module CollisionAnalyzer (75)
[2016.06.10-23.56.28:333][205]LogModuleManager: Shutting down and abandoning module WorkspaceMenuStructure (74)
[2016.06.10-23.56.28:333][205]LogModuleManager: Shutting down and abandoning module MessageLog (73)
[2016.06.10-23.56.28:333][205]LogModuleManager: Shutting down and abandoning module Sequencer (72)
[2016.06.10-23.56.28:333][205]LogModuleManager: Shutting down and abandoning module AssetTools (71)
[2016.06.10-23.56.28:334][205]LogModuleManager: Shutting down and abandoning module UMGEditor (70)
[2016.06.10-23.56.28:334][205]LogModuleManager: Shutting down and abandoning module UMG (69)
[2016.06.10-23.56.28:334][205]LogModuleManager: Shutting down and abandoning module Slate (68)
[2016.06.10-23.56.28:334][205]LogModuleManager: Shutting down and abandoning module EditorStyle (67)
[2016.06.10-23.56.28:338][205]LogModuleManager: Shutting down and abandoning module SessionServices (66)
[2016.06.10-23.56.28:338][205]LogModuleManager: Shutting down and abandoning module SourceCodeAccess (65)
[2016.06.10-23.56.28:338][205]LogModuleManager: Shutting down and abandoning module HeadMountedDisplay (64)
[2016.06.10-23.56.28:338][205]LogModuleManager: Shutting down and abandoning module XAudio2 (63)
[2016.06.10-23.56.28:338][205]LogModuleManager: Shutting down and abandoning module Networking (61)
[2016.06.10-23.56.28:339][205]LogModuleManager: Shutting down and abandoning module Core (60)
[2016.06.10-23.56.28:339][205]LogModuleManager: Shutting down and abandoning module KismetCompiler (59)
[2016.06.10-23.56.28:339][205]LogModuleManager: Shutting down and abandoning module PhysXFormats (58)
[2016.06.10-23.56.28:339][205]LogModuleManager: Shutting down and abandoning module MeshUtilities (57)
[2016.06.10-23.56.28:339][205]LogModuleManager: Shutting down and abandoning module DerivedDataCache (56)
[2016.06.10-23.56.28:383][205]LogDerivedDataCache: Shutdown
[2016.06.10-23.56.28:383][205]LogModuleManager: Shutting down and abandoning module ShaderFormatOpenGL (55)
[2016.06.10-23.56.28:383][205]LogModuleManager: Shutting down and abandoning module ShaderFormatD3D (54)
[2016.06.10-23.56.28:384][205]LogModuleManager: Shutting down and abandoning module MetalShaderFormat (53)
[2016.06.10-23.56.28:384][205]LogModuleManager: Shutting down and abandoning module TextureFormatUncompressed (52)
[2016.06.10-23.56.28:384][205]LogModuleManager: Shutting down and abandoning module TextureFormatPVR (51)
[2016.06.10-23.56.28:384][205]LogModuleManager: Shutting down and abandoning module TextureFormatIntelISPCTexComp (50)
[2016.06.10-23.56.28:384][205]LogModuleManager: Shutting down and abandoning module TextureFormatDXT (49)
[2016.06.10-23.56.28:384][205]LogModuleManager: Shutting down and abandoning module ImageWrapper (48)
[2016.06.10-23.56.28:384][205]LogModuleManager: Shutting down and abandoning module TextureFormatASTC (47)
[2016.06.10-23.56.28:384][205]LogModuleManager: Shutting down and abandoning module TextureFormatAndroid (46)
[2016.06.10-23.56.28:384][205]LogModuleManager: Shutting down and abandoning module AudioFormatOpus (45)
[2016.06.10-23.56.28:384][205]LogModuleManager: Shutting down and abandoning module AudioFormatOgg (44)
[2016.06.10-23.56.28:384][205]LogModuleManager: Shutting down and abandoning module AudioFormatADPCM (43)
[2016.06.10-23.56.28:384][205]LogModuleManager: Shutting down and abandoning module LinuxTargetPlatform (42)
[2016.06.10-23.56.28:384][205]LogModuleManager: Shutting down and abandoning module LinuxServerTargetPlatform (41)
[2016.06.10-23.56.28:384][205]LogModuleManager: Shutting down and abandoning module LinuxNoEditorTargetPlatform (40)
[2016.06.10-23.56.28:384][205]LogModuleManager: Shutting down and abandoning module Messaging (39)
[2016.06.10-23.56.28:384][205]LogModuleManager: Shutting down and abandoning module IOSTargetPlatform (38)
[2016.06.10-23.56.28:384][205]LogModuleManager: Shutting down and abandoning module HTML5TargetPlatform (37)
[2016.06.10-23.56.28:384][205]LogModuleManager: Shutting down and abandoning module Android_PVRTCTargetPlatform (36)
[2016.06.10-23.56.28:384][205]LogModuleManager: Shutting down and abandoning module Android_MultiTargetPlatform (35)
[2016.06.10-23.56.28:384][205]LogModuleManager: Shutting down and abandoning module Android_ETC2TargetPlatform (34)
[2016.06.10-23.56.28:384][205]LogModuleManager: Shutting down and abandoning module Android_ETC1TargetPlatform (33)
[2016.06.10-23.56.28:384][205]LogModuleManager: Shutting down and abandoning module Android_DXTTargetPlatform (32)
[2016.06.10-23.56.28:384][205]LogModuleManager: Shutting down and abandoning module Android_ATCTargetPlatform (31)
[2016.06.10-23.56.28:384][205]LogModuleManager: Shutting down and abandoning module Android_ASTCTargetPlatform (30)
[2016.06.10-23.56.28:384][205]LogModuleManager: Shutting down and abandoning module AndroidTargetPlatform (29)
[2016.06.10-23.56.28:384][205]LogModuleManager: Shutting down and abandoning module WindowsTargetPlatform (28)
[2016.06.10-23.56.28:384][205]LogModuleManager: Shutting down and abandoning module WindowsServerTargetPlatform (27)
[2016.06.10-23.56.28:384][205]LogModuleManager: Shutting down and abandoning module WindowsNoEditorTargetPlatform (26)
[2016.06.10-23.56.28:384][205]LogModuleManager: Shutting down and abandoning module WindowsClientTargetPlatform (25)
[2016.06.10-23.56.28:384][205]LogModuleManager: Shutting down and abandoning module AllDesktopTargetPlatform (24)
[2016.06.10-23.56.28:384][205]LogModuleManager: Shutting down and abandoning module TargetPlatform (23)
[2016.06.10-23.56.28:384][205]LogModuleManager: Shutting down and abandoning module InputCore (22)
[2016.06.10-23.56.28:384][205]LogModuleManager: Shutting down and abandoning module Settings (21)
[2016.06.10-23.56.28:385][205]LogModuleManager: Shutting down and abandoning module OnlineSubsystem (19)
[2016.06.10-23.56.28:385][205]LogModuleManager: Shutting down and abandoning module HTTP (18)
[2016.06.10-23.56.30:390][205]LogModuleManager: Shutting down and abandoning module XMPP (17)
[2016.06.10-23.56.30:390][205]LogModuleManager: Shutting down and abandoning module OculusRift (16)
[2016.06.10-23.56.30:390][205]LogModuleManager: Shutting down and abandoning module ExampleDeviceProfileSelector (15)
[2016.06.10-23.56.30:390][205]LogModuleManager: Shutting down and abandoning module TextureCompressor (14)
[2016.06.10-23.56.30:391][205]LogModuleManager: Shutting down and abandoning module ShaderCore (13)
[2016.06.10-23.56.30:391][205]LogModuleManager: Shutting down and abandoning module Landscape (12)
[2016.06.10-23.56.30:391][205]LogModuleManager: Shutting down and abandoning module SlateRHIRenderer (11)
[2016.06.10-23.56.30:397][205]LogModuleManager: Shutting down and abandoning module OpenGLDrv (10)
[2016.06.10-23.56.30:397][205]LogModuleManager: Shutting down and abandoning module D3D11RHI (9)
[2016.06.10-23.56.30:397][205]LogModuleManager: Shutting down and abandoning module AnimGraphRuntime (8)
[2016.06.10-23.56.30:397][205]LogModuleManager: Shutting down and abandoning module Renderer (7)
[2016.06.10-23.56.30:397][205]LogModuleManager: Shutting down and abandoning module Engine (6)
[2016.06.10-23.56.30:397][205]LogModuleManager: Shutting down and abandoning module CoreUObject (5)
[2016.06.10-23.56.30:397][205]LogModuleManager: Shutting down and abandoning module NetworkFile (4)
[2016.06.10-23.56.30:397][205]LogModuleManager: Shutting down and abandoning module StreamingFile (3)
[2016.06.10-23.56.30:398][205]LogModuleManager: Shutting down and abandoning module SandboxFile (2)
[2016.06.10-23.56.30:398][205]LogModuleManager: Shutting down and abandoning module PakFile (1)
[2016.06.10-23.56.30:402][205]LogExit: Exiting.
[2016.06.10-23.56.30:406][205]Log file closed, 06/10/16 16:56:30
